2016-05-18 09:22:11 [INFO ] [] XPayClient initialize [/home1/newwizcom/www/adm/product/dacom/lgdacom] []
2016-05-18 09:22:11 [DEBUG] [] Config [server_id] = [01]
2016-05-18 09:22:11 [DEBUG] [] Config [timeout] = [60]
2016-05-18 09:22:11 [DEBUG] [] Config [log_level] = [4]
2016-05-18 09:22:11 [DEBUG] [] Config [verify_cert] = [1]
2016-05-18 09:22:11 [DEBUG] [] Config [verify_host] = [1]
2016-05-18 09:22:11 [DEBUG] [] Config [report_error] = [1]
2016-05-18 09:22:11 [DEBUG] [] Config [output_UTF8] = [0]
2016-05-18 09:22:11 [DEBUG] [] Config [auto_rollback] = [1]
2016-05-18 09:22:11 [DEBUG] [] Config [log_dir] = [/home1/newwizcom/www/adm/product/dacom/lgdacom/log]
2016-05-18 09:22:11 [DEBUG] [] Config [url] = [https://xpayclient.lgdacom.net/xpay/Gateway.do]
2016-05-18 09:22:11 [DEBUG] [] Config [test_url] = [https://xpayclient.lgdacom.net:7443/xpay/Gateway.do]
2016-05-18 09:22:11 [DEBUG] [] Config [aux_url] = [http://xpayclient.lgdacom.net:7080/xpay/Gateway.do]
2016-05-18 09:22:11 [DEBUG] [] Config [tanywiz1] = [a38233b74d7a95ab34798e679bb4ce1e]
2016-05-18 09:22:44 [INFO ] [] XPayClient initialize [/home1/newwizcom/www/adm/product/dacom/lgdacom] [test]
2016-05-18 09:22:44 [DEBUG] [] Config [server_id] = [01]
2016-05-18 09:22:44 [DEBUG] [] Config [timeout] = [60]
2016-05-18 09:22:44 [DEBUG] [] Config [log_level] = [4]
2016-05-18 09:22:44 [DEBUG] [] Config [verify_cert] = [1]
2016-05-18 09:22:44 [DEBUG] [] Config [verify_host] = [1]
2016-05-18 09:22:44 [DEBUG] [] Config [report_error] = [1]
2016-05-18 09:22:44 [DEBUG] [] Config [output_UTF8] = [0]
2016-05-18 09:22:44 [DEBUG] [] Config [auto_rollback] = [1]
2016-05-18 09:22:44 [DEBUG] [] Config [log_dir] = [/home1/newwizcom/www/adm/product/dacom/lgdacom/log]
2016-05-18 09:22:44 [DEBUG] [] Config [url] = [https://xpayclient.lgdacom.net/xpay/Gateway.do]
2016-05-18 09:22:44 [DEBUG] [] Config [test_url] = [https://xpayclient.lgdacom.net:7443/xpay/Gateway.do]
2016-05-18 09:22:44 [DEBUG] [] Config [aux_url] = [http://xpayclient.lgdacom.net:7080/xpay/Gateway.do]
2016-05-18 09:22:44 [DEBUG] [] Config [tanywiz1] = [a38233b74d7a95ab34798e679bb4ce1e]
2016-05-18 09:22:44 [DEBUG] [tanywiz1-012016051809224407a1a6e7c2a2de95d045172e2c15c2d78ac0e1b3] Post [LGD_TXID] = [tanywiz1-012016051809224407a1a6e7c2a2de95d045172e2c15c2d78ac0e1b3]
2016-05-18 09:22:44 [DEBUG] [tanywiz1-012016051809224407a1a6e7c2a2de95d045172e2c15c2d78ac0e1b3] Post [LGD_AUTHCODE] = [7ea1a7ba6a0504744d58d39f34767e64da8522c4]
2016-05-18 09:22:44 [DEBUG] [tanywiz1-012016051809224407a1a6e7c2a2de95d045172e2c15c2d78ac0e1b3] Post [LGD_MID] = [tanywiz1]
2016-05-18 09:22:44 [DEBUG] [tanywiz1-012016051809224407a1a6e7c2a2de95d045172e2c15c2d78ac0e1b3] Post [LGD_TXNAME] = [PaymentByKey]
2016-05-18 09:22:44 [DEBUG] [tanywiz1-012016051809224407a1a6e7c2a2de95d045172e2c15c2d78ac0e1b3] Post [LGD_PAYKEY] = [201605180922435C2264207F635F500F4FDB2A7943C1E5BCE7B971]
2016-05-18 09:22:44 [DEBUG] [tanywiz1-012016051809224407a1a6e7c2a2de95d045172e2c15c2d78ac0e1b3] post_string = LGD_TXID=tanywiz1-012016051809224407a1a6e7c2a2de95d045172e2c15c2d78ac0e1b3&LGD_AUTHCODE=7ea1a7ba6a0504744d58d39f34767e64da8522c4&LGD_MID=tanywiz1&LGD_TXNAME=PaymentByKey&LGD_PAYKEY=201605180922435C2264207F635F500F4FDB2A7943C1E5BCE7B971
2016-05-18 09:22:53 [DEBUG] [tanywiz1-012016051809224407a1a6e7c2a2de95d045172e2c15c2d78ac0e1b3] Result = [









{"LGD_RESPCODE":"0000","LGD_RESPMSG":"06: ","LGD_RESPONSE":[{"LGD_IFOS":"376ICC","LGD_MID":"tanywiz1","LGD_FINANCENAME":"Íµ≠ÎØº","LGD_DELIVERYINFO":"","LGD_BUYER":"ÌÖåÏä§Ìä∏","LGD_BUYERID":"","LGD_OID":"160518092211584","LGD_RECEIVERPHONE":"","LGD_2TR_FLAG":"Y","LGD_DEVICE":"","LGD_TID":"tanyw2016051809224420927","LGD_TIMESTAMP":"20160518092252","LGD_SAOWNER":"Ïï†ÎãàÏúÑÏ¶à","LGD_FINANCECODE":"06","LGD_BUYERPHONE":"01033857530","LGD_ESCROWYN":"Y","LGD_PAYTYPE":"SC0040","LGD_CASFLAG":"R","LGD_CASCAMOUNT":"0","LGD_CASTAMOUNT":"0","LGD_AMOUNT":"60030","LGD_BUYERSSN":".","LGD_RESPMSG":"06: ","LGD_PAYDATE":"20160518092250","LGD_PRODUCTINFO":"ÏÉÅÌíàÎ™Ö","LGD_CASSEQNO":"000","LGD_PRODUCTCODE":"","LGD_HASHDATA":"e1ab9b6d0827c77f1a51a2488bb44ad6","LGD_BUYERADDRESS":"","LGD_RECEIVER":"","LGD_RESPCODE":"0000","LGD_ACCOUNTNUM":"X7989011284201","LGD_PAYER":"ÍπÄÎØºÏàò","LGD_BUYEREMAIL":"vg2001@naver.com"}]}
]
2016-05-18 09:22:53 [INFO ] [tanywiz1-012016051809224407a1a6e7c2a2de95d045172e2c15c2d78ac0e1b3] Response Code=[0000], Msg=[06: ], Count=1
2016-05-18 09:22:53 [DEBUG] [tanywiz1-012016051809224407a1a6e7c2a2de95d045172e2c15c2d78ac0e1b3] Response (LGD_IFOS, 0) = 376ICC
2016-05-18 09:22:53 [DEBUG] [tanywiz1-012016051809224407a1a6e7c2a2de95d045172e2c15c2d78ac0e1b3] Response (LGD_MID, 0) = tanywiz1
2016-05-18 09:22:53 [DEBUG] [tanywiz1-012016051809224407a1a6e7c2a2de95d045172e2c15c2d78ac0e1b3] Response (LGD_FINANCENAME, 0) = ±ππŒ
2016-05-18 09:22:53 [DEBUG] [tanywiz1-012016051809224407a1a6e7c2a2de95d045172e2c15c2d78ac0e1b3] Response (LGD_DELIVERYINFO, 0) = 
2016-05-18 09:22:53 [DEBUG] [tanywiz1-012016051809224407a1a6e7c2a2de95d045172e2c15c2d78ac0e1b3] Response (LGD_BUYER, 0) = ≈◊Ω∫∆Æ
2016-05-18 09:22:53 [DEBUG] [tanywiz1-012016051809224407a1a6e7c2a2de95d045172e2c15c2d78ac0e1b3] Response (LGD_BUYERID, 0) = 
2016-05-18 09:22:53 [DEBUG] [tanywiz1-012016051809224407a1a6e7c2a2de95d045172e2c15c2d78ac0e1b3] Response (LGD_OID, 0) = 160518092211584
2016-05-18 09:22:53 [DEBUG] [tanywiz1-012016051809224407a1a6e7c2a2de95d045172e2c15c2d78ac0e1b3] Response (LGD_RECEIVERPHONE, 0) = 
2016-05-18 09:22:53 [DEBUG] [tanywiz1-012016051809224407a1a6e7c2a2de95d045172e2c15c2d78ac0e1b3] Response (LGD_2TR_FLAG, 0) = Y
2016-05-18 09:22:53 [DEBUG] [tanywiz1-012016051809224407a1a6e7c2a2de95d045172e2c15c2d78ac0e1b3] Response (LGD_DEVICE, 0) = 
2016-05-18 09:22:53 [DEBUG] [tanywiz1-012016051809224407a1a6e7c2a2de95d045172e2c15c2d78ac0e1b3] Response (LGD_TID, 0) = tanyw2016051809224420927
2016-05-18 09:22:53 [DEBUG] [tanywiz1-012016051809224407a1a6e7c2a2de95d045172e2c15c2d78ac0e1b3] Response (LGD_TIMESTAMP, 0) = 20160518092252
2016-05-18 09:22:53 [DEBUG] [tanywiz1-012016051809224407a1a6e7c2a2de95d045172e2c15c2d78ac0e1b3] Response (LGD_SAOWNER, 0) = æ÷¥œ¿ß¡Ó
2016-05-18 09:22:53 [DEBUG] [tanywiz1-012016051809224407a1a6e7c2a2de95d045172e2c15c2d78ac0e1b3] Response (LGD_FINANCECODE, 0) = 06
2016-05-18 09:22:53 [DEBUG] [tanywiz1-012016051809224407a1a6e7c2a2de95d045172e2c15c2d78ac0e1b3] Response (LGD_BUYERPHONE, 0) = 01033857530
2016-05-18 09:22:53 [DEBUG] [tanywiz1-012016051809224407a1a6e7c2a2de95d045172e2c15c2d78ac0e1b3] Response (LGD_ESCROWYN, 0) = Y
2016-05-18 09:22:53 [DEBUG] [tanywiz1-012016051809224407a1a6e7c2a2de95d045172e2c15c2d78ac0e1b3] Response (LGD_PAYTYPE, 0) = SC0040
2016-05-18 09:22:53 [DEBUG] [tanywiz1-012016051809224407a1a6e7c2a2de95d045172e2c15c2d78ac0e1b3] Response (LGD_CASFLAG, 0) = R
2016-05-18 09:22:53 [DEBUG] [tanywiz1-012016051809224407a1a6e7c2a2de95d045172e2c15c2d78ac0e1b3] Response (LGD_CASCAMOUNT, 0) = 0
2016-05-18 09:22:53 [DEBUG] [tanywiz1-012016051809224407a1a6e7c2a2de95d045172e2c15c2d78ac0e1b3] Response (LGD_CASTAMOUNT, 0) = 0
2016-05-18 09:22:53 [DEBUG] [tanywiz1-012016051809224407a1a6e7c2a2de95d045172e2c15c2d78ac0e1b3] Response (LGD_AMOUNT, 0) = 60030
2016-05-18 09:22:53 [DEBUG] [tanywiz1-012016051809224407a1a6e7c2a2de95d045172e2c15c2d78ac0e1b3] Response (LGD_BUYERSSN, 0) = .
2016-05-18 09:22:53 [DEBUG] [tanywiz1-012016051809224407a1a6e7c2a2de95d045172e2c15c2d78ac0e1b3] Response (LGD_RESPMSG, 0) = 06: 
2016-05-18 09:22:53 [DEBUG] [tanywiz1-012016051809224407a1a6e7c2a2de95d045172e2c15c2d78ac0e1b3] Response (LGD_PAYDATE, 0) = 20160518092250
2016-05-18 09:22:53 [DEBUG] [tanywiz1-012016051809224407a1a6e7c2a2de95d045172e2c15c2d78ac0e1b3] Response (LGD_PRODUCTINFO, 0) = ªÛ«∞∏Ì
2016-05-18 09:22:53 [DEBUG] [tanywiz1-012016051809224407a1a6e7c2a2de95d045172e2c15c2d78ac0e1b3] Response (LGD_CASSEQNO, 0) = 000
2016-05-18 09:22:53 [DEBUG] [tanywiz1-012016051809224407a1a6e7c2a2de95d045172e2c15c2d78ac0e1b3] Response (LGD_PRODUCTCODE, 0) = 
2016-05-18 09:22:53 [DEBUG] [tanywiz1-012016051809224407a1a6e7c2a2de95d045172e2c15c2d78ac0e1b3] Response (LGD_HASHDATA, 0) = e1ab9b6d0827c77f1a51a2488bb44ad6
2016-05-18 09:22:53 [DEBUG] [tanywiz1-012016051809224407a1a6e7c2a2de95d045172e2c15c2d78ac0e1b3] Response (LGD_BUYERADDRESS, 0) = 
2016-05-18 09:22:53 [DEBUG] [tanywiz1-012016051809224407a1a6e7c2a2de95d045172e2c15c2d78ac0e1b3] Response (LGD_RECEIVER, 0) = 
2016-05-18 09:22:53 [DEBUG] [tanywiz1-012016051809224407a1a6e7c2a2de95d045172e2c15c2d78ac0e1b3] Response (LGD_RESPCODE, 0) = 0000
2016-05-18 09:22:53 [DEBUG] [tanywiz1-012016051809224407a1a6e7c2a2de95d045172e2c15c2d78ac0e1b3] Response (LGD_ACCOUNTNUM, 0) = X7989011284201
2016-05-18 09:22:53 [DEBUG] [tanywiz1-012016051809224407a1a6e7c2a2de95d045172e2c15c2d78ac0e1b3] Response (LGD_PAYER, 0) = ±ËπŒºˆ
2016-05-18 09:22:53 [DEBUG] [tanywiz1-012016051809224407a1a6e7c2a2de95d045172e2c15c2d78ac0e1b3] Response (LGD_BUYEREMAIL, 0) = vg2001@naver.com
2016-05-18 09:35:01 [INFO ] [] XPayClient initialize [/home1/newwizcom/www/adm/product/dacom/lgdacom] []
2016-05-18 09:35:01 [DEBUG] [] Config [server_id] = [01]
2016-05-18 09:35:01 [DEBUG] [] Config [timeout] = [60]
2016-05-18 09:35:01 [DEBUG] [] Config [log_level] = [4]
2016-05-18 09:35:01 [DEBUG] [] Config [verify_cert] = [1]
2016-05-18 09:35:01 [DEBUG] [] Config [verify_host] = [1]
2016-05-18 09:35:01 [DEBUG] [] Config [report_error] = [1]
2016-05-18 09:35:01 [DEBUG] [] Config [output_UTF8] = [0]
2016-05-18 09:35:01 [DEBUG] [] Config [auto_rollback] = [1]
2016-05-18 09:35:01 [DEBUG] [] Config [log_dir] = [/home1/newwizcom/www/adm/product/dacom/lgdacom/log]
2016-05-18 09:35:01 [DEBUG] [] Config [url] = [https://xpayclient.lgdacom.net/xpay/Gateway.do]
2016-05-18 09:35:01 [DEBUG] [] Config [test_url] = [https://xpayclient.lgdacom.net:7443/xpay/Gateway.do]
2016-05-18 09:35:01 [DEBUG] [] Config [aux_url] = [http://xpayclient.lgdacom.net:7080/xpay/Gateway.do]
2016-05-18 09:35:01 [DEBUG] [] Config [tanywiz1] = [a38233b74d7a95ab34798e679bb4ce1e]
2016-05-18 09:35:08 [INFO ] [] XPayClient initialize [/home1/newwizcom/www/adm/product/dacom/lgdacom] []
2016-05-18 09:35:08 [DEBUG] [] Config [server_id] = [01]
2016-05-18 09:35:08 [DEBUG] [] Config [timeout] = [60]
2016-05-18 09:35:08 [DEBUG] [] Config [log_level] = [4]
2016-05-18 09:35:08 [DEBUG] [] Config [verify_cert] = [1]
2016-05-18 09:35:08 [DEBUG] [] Config [verify_host] = [1]
2016-05-18 09:35:08 [DEBUG] [] Config [report_error] = [1]
2016-05-18 09:35:08 [DEBUG] [] Config [output_UTF8] = [0]
2016-05-18 09:35:08 [DEBUG] [] Config [auto_rollback] = [1]
2016-05-18 09:35:08 [DEBUG] [] Config [log_dir] = [/home1/newwizcom/www/adm/product/dacom/lgdacom/log]
2016-05-18 09:35:08 [DEBUG] [] Config [url] = [https://xpayclient.lgdacom.net/xpay/Gateway.do]
2016-05-18 09:35:08 [DEBUG] [] Config [test_url] = [https://xpayclient.lgdacom.net:7443/xpay/Gateway.do]
2016-05-18 09:35:08 [DEBUG] [] Config [aux_url] = [http://xpayclient.lgdacom.net:7080/xpay/Gateway.do]
2016-05-18 09:35:08 [DEBUG] [] Config [tanywiz1] = [a38233b74d7a95ab34798e679bb4ce1e]
2016-05-18 09:35:37 [INFO ] [] XPayClient initialize [/home1/newwizcom/www/adm/product/dacom/lgdacom] [test]
2016-05-18 09:35:37 [DEBUG] [] Config [server_id] = [01]
2016-05-18 09:35:37 [DEBUG] [] Config [timeout] = [60]
2016-05-18 09:35:37 [DEBUG] [] Config [log_level] = [4]
2016-05-18 09:35:37 [DEBUG] [] Config [verify_cert] = [1]
2016-05-18 09:35:37 [DEBUG] [] Config [verify_host] = [1]
2016-05-18 09:35:37 [DEBUG] [] Config [report_error] = [1]
2016-05-18 09:35:37 [DEBUG] [] Config [output_UTF8] = [0]
2016-05-18 09:35:37 [DEBUG] [] Config [auto_rollback] = [1]
2016-05-18 09:35:37 [DEBUG] [] Config [log_dir] = [/home1/newwizcom/www/adm/product/dacom/lgdacom/log]
2016-05-18 09:35:37 [DEBUG] [] Config [url] = [https://xpayclient.lgdacom.net/xpay/Gateway.do]
2016-05-18 09:35:37 [DEBUG] [] Config [test_url] = [https://xpayclient.lgdacom.net:7443/xpay/Gateway.do]
2016-05-18 09:35:37 [DEBUG] [] Config [aux_url] = [http://xpayclient.lgdacom.net:7080/xpay/Gateway.do]
2016-05-18 09:35:37 [DEBUG] [] Config [tanywiz1] = [a38233b74d7a95ab34798e679bb4ce1e]
2016-05-18 09:35:37 [DEBUG] [tanywiz1-0120160518093537584672e9ed6e82599f7e060edd01b96aa923a55b] Post [LGD_TXID] = [tanywiz1-0120160518093537584672e9ed6e82599f7e060edd01b96aa923a55b]
2016-05-18 09:35:37 [DEBUG] [tanywiz1-0120160518093537584672e9ed6e82599f7e060edd01b96aa923a55b] Post [LGD_AUTHCODE] = [363e467cfee842d1bdf2cdf6758ecac28b4bd9c2]
2016-05-18 09:35:37 [DEBUG] [tanywiz1-0120160518093537584672e9ed6e82599f7e060edd01b96aa923a55b] Post [LGD_MID] = [tanywiz1]
2016-05-18 09:35:37 [DEBUG] [tanywiz1-0120160518093537584672e9ed6e82599f7e060edd01b96aa923a55b] Post [LGD_TXNAME] = [PaymentByKey]
2016-05-18 09:35:37 [DEBUG] [tanywiz1-0120160518093537584672e9ed6e82599f7e060edd01b96aa923a55b] Post [LGD_PAYKEY] = [20160518093535B6F827BBDB6993C3D1D794AC4482C5869B0D7F1E]
2016-05-18 09:35:37 [DEBUG] [tanywiz1-0120160518093537584672e9ed6e82599f7e060edd01b96aa923a55b] post_string = LGD_TXID=tanywiz1-0120160518093537584672e9ed6e82599f7e060edd01b96aa923a55b&LGD_AUTHCODE=363e467cfee842d1bdf2cdf6758ecac28b4bd9c2&LGD_MID=tanywiz1&LGD_TXNAME=PaymentByKey&LGD_PAYKEY=20160518093535B6F827BBDB6993C3D1D794AC4482C5869B0D7F1E
2016-05-18 09:35:45 [DEBUG] [tanywiz1-0120160518093537584672e9ed6e82599f7e060edd01b96aa923a55b] Result = [









{"LGD_RESPCODE":"0000","LGD_RESPMSG":"06: ","LGD_RESPONSE":[{"LGD_IFOS":"376ICC","LGD_MID":"tanywiz1","LGD_FINANCENAME":"Íµ≠ÎØº","LGD_DELIVERYINFO":"","LGD_BUYER":"ÌÖåÏä§Ìä∏","LGD_BUYERID":"","LGD_OID":"160518093508971","LGD_RECEIVERPHONE":"","LGD_2TR_FLAG":"Y","LGD_DEVICE":"","LGD_TID":"tanyw2016051809353620980","LGD_TIMESTAMP":"20160518093544","LGD_SAOWNER":"Ïï†ÎãàÏúÑÏ¶à","LGD_FINANCECODE":"06","LGD_BUYERPHONE":"01033857530","LGD_ESCROWYN":"Y","LGD_PAYTYPE":"SC0040","LGD_CASFLAG":"R","LGD_CASCAMOUNT":"0","LGD_CASTAMOUNT":"0","LGD_AMOUNT":"60000","LGD_BUYERSSN":".","LGD_RESPMSG":"06: ","LGD_PAYDATE":"20160518093543","LGD_PRODUCTINFO":"ÏÉÅÌíàÎ™Ö","LGD_CASSEQNO":"000","LGD_PRODUCTCODE":"","LGD_HASHDATA":"0a1da9893a66734af3ae95a390ac6917","LGD_BUYERADDRESS":"","LGD_RECEIVER":"","LGD_RESPCODE":"0000","LGD_ACCOUNTNUM":"X7989011284326","LGD_PAYER":"ÍπÄÎØºÏàò","LGD_BUYEREMAIL":"vg2001@naver.com"}]}
]
2016-05-18 09:35:45 [INFO ] [tanywiz1-0120160518093537584672e9ed6e82599f7e060edd01b96aa923a55b] Response Code=[0000], Msg=[06: ], Count=1
2016-05-18 09:35:45 [DEBUG] [tanywiz1-0120160518093537584672e9ed6e82599f7e060edd01b96aa923a55b] Response (LGD_IFOS, 0) = 376ICC
2016-05-18 09:35:45 [DEBUG] [tanywiz1-0120160518093537584672e9ed6e82599f7e060edd01b96aa923a55b] Response (LGD_MID, 0) = tanywiz1
2016-05-18 09:35:45 [DEBUG] [tanywiz1-0120160518093537584672e9ed6e82599f7e060edd01b96aa923a55b] Response (LGD_FINANCENAME, 0) = ±ππŒ
2016-05-18 09:35:45 [DEBUG] [tanywiz1-0120160518093537584672e9ed6e82599f7e060edd01b96aa923a55b] Response (LGD_DELIVERYINFO, 0) = 
2016-05-18 09:35:45 [DEBUG] [tanywiz1-0120160518093537584672e9ed6e82599f7e060edd01b96aa923a55b] Response (LGD_BUYER, 0) = ≈◊Ω∫∆Æ
2016-05-18 09:35:45 [DEBUG] [tanywiz1-0120160518093537584672e9ed6e82599f7e060edd01b96aa923a55b] Response (LGD_BUYERID, 0) = 
2016-05-18 09:35:45 [DEBUG] [tanywiz1-0120160518093537584672e9ed6e82599f7e060edd01b96aa923a55b] Response (LGD_OID, 0) = 160518093508971
2016-05-18 09:35:45 [DEBUG] [tanywiz1-0120160518093537584672e9ed6e82599f7e060edd01b96aa923a55b] Response (LGD_RECEIVERPHONE, 0) = 
2016-05-18 09:35:45 [DEBUG] [tanywiz1-0120160518093537584672e9ed6e82599f7e060edd01b96aa923a55b] Response (LGD_2TR_FLAG, 0) = Y
2016-05-18 09:35:45 [DEBUG] [tanywiz1-0120160518093537584672e9ed6e82599f7e060edd01b96aa923a55b] Response (LGD_DEVICE, 0) = 
2016-05-18 09:35:45 [DEBUG] [tanywiz1-0120160518093537584672e9ed6e82599f7e060edd01b96aa923a55b] Response (LGD_TID, 0) = tanyw2016051809353620980
2016-05-18 09:35:45 [DEBUG] [tanywiz1-0120160518093537584672e9ed6e82599f7e060edd01b96aa923a55b] Response (LGD_TIMESTAMP, 0) = 20160518093544
2016-05-18 09:35:45 [DEBUG] [tanywiz1-0120160518093537584672e9ed6e82599f7e060edd01b96aa923a55b] Response (LGD_SAOWNER, 0) = æ÷¥œ¿ß¡Ó
2016-05-18 09:35:45 [DEBUG] [tanywiz1-0120160518093537584672e9ed6e82599f7e060edd01b96aa923a55b] Response (LGD_FINANCECODE, 0) = 06
2016-05-18 09:35:45 [DEBUG] [tanywiz1-0120160518093537584672e9ed6e82599f7e060edd01b96aa923a55b] Response (LGD_BUYERPHONE, 0) = 01033857530
2016-05-18 09:35:45 [DEBUG] [tanywiz1-0120160518093537584672e9ed6e82599f7e060edd01b96aa923a55b] Response (LGD_ESCROWYN, 0) = Y
2016-05-18 09:35:45 [DEBUG] [tanywiz1-0120160518093537584672e9ed6e82599f7e060edd01b96aa923a55b] Response (LGD_PAYTYPE, 0) = SC0040
2016-05-18 09:35:45 [DEBUG] [tanywiz1-0120160518093537584672e9ed6e82599f7e060edd01b96aa923a55b] Response (LGD_CASFLAG, 0) = R
2016-05-18 09:35:45 [DEBUG] [tanywiz1-0120160518093537584672e9ed6e82599f7e060edd01b96aa923a55b] Response (LGD_CASCAMOUNT, 0) = 0
2016-05-18 09:35:45 [DEBUG] [tanywiz1-0120160518093537584672e9ed6e82599f7e060edd01b96aa923a55b] Response (LGD_CASTAMOUNT, 0) = 0
2016-05-18 09:35:45 [DEBUG] [tanywiz1-0120160518093537584672e9ed6e82599f7e060edd01b96aa923a55b] Response (LGD_AMOUNT, 0) = 60000
2016-05-18 09:35:45 [DEBUG] [tanywiz1-0120160518093537584672e9ed6e82599f7e060edd01b96aa923a55b] Response (LGD_BUYERSSN, 0) = .
2016-05-18 09:35:45 [DEBUG] [tanywiz1-0120160518093537584672e9ed6e82599f7e060edd01b96aa923a55b] Response (LGD_RESPMSG, 0) = 06: 
2016-05-18 09:35:45 [DEBUG] [tanywiz1-0120160518093537584672e9ed6e82599f7e060edd01b96aa923a55b] Response (LGD_PAYDATE, 0) = 20160518093543
2016-05-18 09:35:45 [DEBUG] [tanywiz1-0120160518093537584672e9ed6e82599f7e060edd01b96aa923a55b] Response (LGD_PRODUCTINFO, 0) = ªÛ«∞∏Ì
2016-05-18 09:35:45 [DEBUG] [tanywiz1-0120160518093537584672e9ed6e82599f7e060edd01b96aa923a55b] Response (LGD_CASSEQNO, 0) = 000
2016-05-18 09:35:45 [DEBUG] [tanywiz1-0120160518093537584672e9ed6e82599f7e060edd01b96aa923a55b] Response (LGD_PRODUCTCODE, 0) = 
2016-05-18 09:35:45 [DEBUG] [tanywiz1-0120160518093537584672e9ed6e82599f7e060edd01b96aa923a55b] Response (LGD_HASHDATA, 0) = 0a1da9893a66734af3ae95a390ac6917
2016-05-18 09:35:45 [DEBUG] [tanywiz1-0120160518093537584672e9ed6e82599f7e060edd01b96aa923a55b] Response (LGD_BUYERADDRESS, 0) = 
2016-05-18 09:35:45 [DEBUG] [tanywiz1-0120160518093537584672e9ed6e82599f7e060edd01b96aa923a55b] Response (LGD_RECEIVER, 0) = 
2016-05-18 09:35:45 [DEBUG] [tanywiz1-0120160518093537584672e9ed6e82599f7e060edd01b96aa923a55b] Response (LGD_RESPCODE, 0) = 0000
2016-05-18 09:35:45 [DEBUG] [tanywiz1-0120160518093537584672e9ed6e82599f7e060edd01b96aa923a55b] Response (LGD_ACCOUNTNUM, 0) = X7989011284326
2016-05-18 09:35:45 [DEBUG] [tanywiz1-0120160518093537584672e9ed6e82599f7e060edd01b96aa923a55b] Response (LGD_PAYER, 0) = ±ËπŒºˆ
2016-05-18 09:35:45 [DEBUG] [tanywiz1-0120160518093537584672e9ed6e82599f7e060edd01b96aa923a55b] Response (LGD_BUYEREMAIL, 0) = vg2001@naver.com
2016-05-18 09:53:28 [INFO ] [] XPayClient initialize [/home1/newwizcom/www/adm/product/dacom/lgdacom] []
2016-05-18 09:53:28 [DEBUG] [] Config [server_id] = [01]
2016-05-18 09:53:28 [DEBUG] [] Config [timeout] = [60]
2016-05-18 09:53:28 [DEBUG] [] Config [log_level] = [4]
2016-05-18 09:53:28 [DEBUG] [] Config [verify_cert] = [1]
2016-05-18 09:53:28 [DEBUG] [] Config [verify_host] = [1]
2016-05-18 09:53:28 [DEBUG] [] Config [report_error] = [1]
2016-05-18 09:53:28 [DEBUG] [] Config [output_UTF8] = [0]
2016-05-18 09:53:28 [DEBUG] [] Config [auto_rollback] = [1]
2016-05-18 09:53:28 [DEBUG] [] Config [log_dir] = [/home1/newwizcom/www/adm/product/dacom/lgdacom/log]
2016-05-18 09:53:28 [DEBUG] [] Config [url] = [https://xpayclient.lgdacom.net/xpay/Gateway.do]
2016-05-18 09:53:28 [DEBUG] [] Config [test_url] = [https://xpayclient.lgdacom.net:7443/xpay/Gateway.do]
2016-05-18 09:53:28 [DEBUG] [] Config [aux_url] = [http://xpayclient.lgdacom.net:7080/xpay/Gateway.do]
2016-05-18 09:53:28 [DEBUG] [] Config [tanywiz1] = [a38233b74d7a95ab34798e679bb4ce1e]
2016-05-18 09:55:34 [INFO ] [] XPayClient initialize [/home1/newwizcom/www/adm/product/dacom/lgdacom] []
2016-05-18 09:55:34 [DEBUG] [] Config [server_id] = [01]
2016-05-18 09:55:34 [DEBUG] [] Config [timeout] = [60]
2016-05-18 09:55:34 [DEBUG] [] Config [log_level] = [4]
2016-05-18 09:55:34 [DEBUG] [] Config [verify_cert] = [1]
2016-05-18 09:55:34 [DEBUG] [] Config [verify_host] = [1]
2016-05-18 09:55:34 [DEBUG] [] Config [report_error] = [1]
2016-05-18 09:55:34 [DEBUG] [] Config [output_UTF8] = [0]
2016-05-18 09:55:34 [DEBUG] [] Config [auto_rollback] = [1]
2016-05-18 09:55:34 [DEBUG] [] Config [log_dir] = [/home1/newwizcom/www/adm/product/dacom/lgdacom/log]
2016-05-18 09:55:34 [DEBUG] [] Config [url] = [https://xpayclient.lgdacom.net/xpay/Gateway.do]
2016-05-18 09:55:34 [DEBUG] [] Config [test_url] = [https://xpayclient.lgdacom.net:7443/xpay/Gateway.do]
2016-05-18 09:55:34 [DEBUG] [] Config [aux_url] = [http://xpayclient.lgdacom.net:7080/xpay/Gateway.do]
2016-05-18 09:55:34 [DEBUG] [] Config [tanywiz1] = [a38233b74d7a95ab34798e679bb4ce1e]
2016-05-18 09:55:56 [INFO ] [] XPayClient initialize [/home1/newwizcom/www/adm/product/dacom/lgdacom] [test]
2016-05-18 09:55:56 [DEBUG] [] Config [server_id] = [01]
2016-05-18 09:55:56 [DEBUG] [] Config [timeout] = [60]
2016-05-18 09:55:56 [DEBUG] [] Config [log_level] = [4]
2016-05-18 09:55:56 [DEBUG] [] Config [verify_cert] = [1]
2016-05-18 09:55:56 [DEBUG] [] Config [verify_host] = [1]
2016-05-18 09:55:56 [DEBUG] [] Config [report_error] = [1]
2016-05-18 09:55:56 [DEBUG] [] Config [output_UTF8] = [0]
2016-05-18 09:55:56 [DEBUG] [] Config [auto_rollback] = [1]
2016-05-18 09:55:56 [DEBUG] [] Config [log_dir] = [/home1/newwizcom/www/adm/product/dacom/lgdacom/log]
2016-05-18 09:55:56 [DEBUG] [] Config [url] = [https://xpayclient.lgdacom.net/xpay/Gateway.do]
2016-05-18 09:55:56 [DEBUG] [] Config [test_url] = [https://xpayclient.lgdacom.net:7443/xpay/Gateway.do]
2016-05-18 09:55:56 [DEBUG] [] Config [aux_url] = [http://xpayclient.lgdacom.net:7080/xpay/Gateway.do]
2016-05-18 09:55:56 [DEBUG] [] Config [tanywiz1] = [a38233b74d7a95ab34798e679bb4ce1e]
2016-05-18 09:55:56 [DEBUG] [tanywiz1-0120160518095556908161f54dcc3c384a68e7fac54c901f8db149cd] Post [LGD_TXID] = [tanywiz1-0120160518095556908161f54dcc3c384a68e7fac54c901f8db149cd]
2016-05-18 09:55:56 [DEBUG] [tanywiz1-0120160518095556908161f54dcc3c384a68e7fac54c901f8db149cd] Post [LGD_AUTHCODE] = [78d1d0784e3b869e248171f5572fee7c8c830b76]
2016-05-18 09:55:56 [DEBUG] [tanywiz1-0120160518095556908161f54dcc3c384a68e7fac54c901f8db149cd] Post [LGD_MID] = [tanywiz1]
2016-05-18 09:55:56 [DEBUG] [tanywiz1-0120160518095556908161f54dcc3c384a68e7fac54c901f8db149cd] Post [LGD_TXNAME] = [PaymentByKey]
2016-05-18 09:55:56 [DEBUG] [tanywiz1-0120160518095556908161f54dcc3c384a68e7fac54c901f8db149cd] Post [LGD_PAYKEY] = [2016051809555412EE2BEB25D536F22ACC21BE5DD6340011FD4C9F]
2016-05-18 09:55:56 [DEBUG] [tanywiz1-0120160518095556908161f54dcc3c384a68e7fac54c901f8db149cd] post_string = LGD_TXID=tanywiz1-0120160518095556908161f54dcc3c384a68e7fac54c901f8db149cd&LGD_AUTHCODE=78d1d0784e3b869e248171f5572fee7c8c830b76&LGD_MID=tanywiz1&LGD_TXNAME=PaymentByKey&LGD_PAYKEY=2016051809555412EE2BEB25D536F22ACC21BE5DD6340011FD4C9F
2016-05-18 09:56:00 [DEBUG] [tanywiz1-0120160518095556908161f54dcc3c384a68e7fac54c901f8db149cd] Result = [









{"LGD_RESPCODE":"0000","LGD_RESPMSG":"06: ","LGD_RESPONSE":[{"LGD_IFOS":"376ICC","LGD_MID":"tanywiz1","LGD_FINANCENAME":"Íµ≠ÎØº","LGD_DELIVERYINFO":"","LGD_BUYER":"ÌÖåÏä§Ìä∏","LGD_BUYERID":"","LGD_OID":"160518095534963","LGD_RECEIVERPHONE":"","LGD_2TR_FLAG":"Y","LGD_DEVICE":"","LGD_TID":"tanyw2016051809555521131","LGD_TIMESTAMP":"20160518095559","LGD_SAOWNER":"Ïï†ÎãàÏúÑÏ¶à","LGD_FINANCECODE":"06","LGD_BUYERPHONE":"01033857530","LGD_ESCROWYN":"Y","LGD_PAYTYPE":"SC0040","LGD_CASFLAG":"R","LGD_CASCAMOUNT":"0","LGD_CASTAMOUNT":"0","LGD_AMOUNT":"60030","LGD_BUYERSSN":".","LGD_RESPMSG":"06: ","LGD_PAYDATE":"20160518095558","LGD_PRODUCTINFO":"ÏÉÅÌíàÎ™Ö","LGD_CASSEQNO":"000","LGD_PRODUCTCODE":"","LGD_HASHDATA":"372a20268e8cd6a95efe1ab1e4d285bd","LGD_BUYERADDRESS":"","LGD_RECEIVER":"","LGD_RESPCODE":"0000","LGD_ACCOUNTNUM":"X7989011284665","LGD_PAYER":"ÍπÄÎØºÏàò","LGD_BUYEREMAIL":"vg2001@naver.com"}]}
]
2016-05-18 09:56:00 [INFO ] [tanywiz1-0120160518095556908161f54dcc3c384a68e7fac54c901f8db149cd] Response Code=[0000], Msg=[06: ], Count=1
2016-05-18 09:56:00 [DEBUG] [tanywiz1-0120160518095556908161f54dcc3c384a68e7fac54c901f8db149cd] Response (LGD_IFOS, 0) = 376ICC
2016-05-18 09:56:00 [DEBUG] [tanywiz1-0120160518095556908161f54dcc3c384a68e7fac54c901f8db149cd] Response (LGD_MID, 0) = tanywiz1
2016-05-18 09:56:00 [DEBUG] [tanywiz1-0120160518095556908161f54dcc3c384a68e7fac54c901f8db149cd] Response (LGD_FINANCENAME, 0) = ±ππŒ
2016-05-18 09:56:00 [DEBUG] [tanywiz1-0120160518095556908161f54dcc3c384a68e7fac54c901f8db149cd] Response (LGD_DELIVERYINFO, 0) = 
2016-05-18 09:56:00 [DEBUG] [tanywiz1-0120160518095556908161f54dcc3c384a68e7fac54c901f8db149cd] Response (LGD_BUYER, 0) = ≈◊Ω∫∆Æ
2016-05-18 09:56:00 [DEBUG] [tanywiz1-0120160518095556908161f54dcc3c384a68e7fac54c901f8db149cd] Response (LGD_BUYERID, 0) = 
2016-05-18 09:56:00 [DEBUG] [tanywiz1-0120160518095556908161f54dcc3c384a68e7fac54c901f8db149cd] Response (LGD_OID, 0) = 160518095534963
2016-05-18 09:56:00 [DEBUG] [tanywiz1-0120160518095556908161f54dcc3c384a68e7fac54c901f8db149cd] Response (LGD_RECEIVERPHONE, 0) = 
2016-05-18 09:56:00 [DEBUG] [tanywiz1-0120160518095556908161f54dcc3c384a68e7fac54c901f8db149cd] Response (LGD_2TR_FLAG, 0) = Y
2016-05-18 09:56:00 [DEBUG] [tanywiz1-0120160518095556908161f54dcc3c384a68e7fac54c901f8db149cd] Response (LGD_DEVICE, 0) = 
2016-05-18 09:56:00 [DEBUG] [tanywiz1-0120160518095556908161f54dcc3c384a68e7fac54c901f8db149cd] Response (LGD_TID, 0) = tanyw2016051809555521131
2016-05-18 09:56:00 [DEBUG] [tanywiz1-0120160518095556908161f54dcc3c384a68e7fac54c901f8db149cd] Response (LGD_TIMESTAMP, 0) = 20160518095559
2016-05-18 09:56:00 [DEBUG] [tanywiz1-0120160518095556908161f54dcc3c384a68e7fac54c901f8db149cd] Response (LGD_SAOWNER, 0) = æ÷¥œ¿ß¡Ó
2016-05-18 09:56:00 [DEBUG] [tanywiz1-0120160518095556908161f54dcc3c384a68e7fac54c901f8db149cd] Response (LGD_FINANCECODE, 0) = 06
2016-05-18 09:56:00 [DEBUG] [tanywiz1-0120160518095556908161f54dcc3c384a68e7fac54c901f8db149cd] Response (LGD_BUYERPHONE, 0) = 01033857530
2016-05-18 09:56:00 [DEBUG] [tanywiz1-0120160518095556908161f54dcc3c384a68e7fac54c901f8db149cd] Response (LGD_ESCROWYN, 0) = Y
2016-05-18 09:56:00 [DEBUG] [tanywiz1-0120160518095556908161f54dcc3c384a68e7fac54c901f8db149cd] Response (LGD_PAYTYPE, 0) = SC0040
2016-05-18 09:56:00 [DEBUG] [tanywiz1-0120160518095556908161f54dcc3c384a68e7fac54c901f8db149cd] Response (LGD_CASFLAG, 0) = R
2016-05-18 09:56:00 [DEBUG] [tanywiz1-0120160518095556908161f54dcc3c384a68e7fac54c901f8db149cd] Response (LGD_CASCAMOUNT, 0) = 0
2016-05-18 09:56:00 [DEBUG] [tanywiz1-0120160518095556908161f54dcc3c384a68e7fac54c901f8db149cd] Response (LGD_CASTAMOUNT, 0) = 0
2016-05-18 09:56:00 [DEBUG] [tanywiz1-0120160518095556908161f54dcc3c384a68e7fac54c901f8db149cd] Response (LGD_AMOUNT, 0) = 60030
2016-05-18 09:56:00 [DEBUG] [tanywiz1-0120160518095556908161f54dcc3c384a68e7fac54c901f8db149cd] Response (LGD_BUYERSSN, 0) = .
2016-05-18 09:56:00 [DEBUG] [tanywiz1-0120160518095556908161f54dcc3c384a68e7fac54c901f8db149cd] Response (LGD_RESPMSG, 0) = 06: 
2016-05-18 09:56:00 [DEBUG] [tanywiz1-0120160518095556908161f54dcc3c384a68e7fac54c901f8db149cd] Response (LGD_PAYDATE, 0) = 20160518095558
2016-05-18 09:56:00 [DEBUG] [tanywiz1-0120160518095556908161f54dcc3c384a68e7fac54c901f8db149cd] Response (LGD_PRODUCTINFO, 0) = ªÛ«∞∏Ì
2016-05-18 09:56:00 [DEBUG] [tanywiz1-0120160518095556908161f54dcc3c384a68e7fac54c901f8db149cd] Response (LGD_CASSEQNO, 0) = 000
2016-05-18 09:56:00 [DEBUG] [tanywiz1-0120160518095556908161f54dcc3c384a68e7fac54c901f8db149cd] Response (LGD_PRODUCTCODE, 0) = 
2016-05-18 09:56:00 [DEBUG] [tanywiz1-0120160518095556908161f54dcc3c384a68e7fac54c901f8db149cd] Response (LGD_HASHDATA, 0) = 372a20268e8cd6a95efe1ab1e4d285bd
2016-05-18 09:56:00 [DEBUG] [tanywiz1-0120160518095556908161f54dcc3c384a68e7fac54c901f8db149cd] Response (LGD_BUYERADDRESS, 0) = 
2016-05-18 09:56:00 [DEBUG] [tanywiz1-0120160518095556908161f54dcc3c384a68e7fac54c901f8db149cd] Response (LGD_RECEIVER, 0) = 
2016-05-18 09:56:00 [DEBUG] [tanywiz1-0120160518095556908161f54dcc3c384a68e7fac54c901f8db149cd] Response (LGD_RESPCODE, 0) = 0000
2016-05-18 09:56:00 [DEBUG] [tanywiz1-0120160518095556908161f54dcc3c384a68e7fac54c901f8db149cd] Response (LGD_ACCOUNTNUM, 0) = X7989011284665
2016-05-18 09:56:00 [DEBUG] [tanywiz1-0120160518095556908161f54dcc3c384a68e7fac54c901f8db149cd] Response (LGD_PAYER, 0) = ±ËπŒºˆ
2016-05-18 09:56:00 [DEBUG] [tanywiz1-0120160518095556908161f54dcc3c384a68e7fac54c901f8db149cd] Response (LGD_BUYEREMAIL, 0) = vg2001@naver.com
2016-05-18 10:00:02 [INFO ] [] XPayClient initialize [/home1/newwizcom/www/adm/product/dacom/lgdacom] []
2016-05-18 10:00:02 [DEBUG] [] Config [server_id] = [01]
2016-05-18 10:00:02 [DEBUG] [] Config [timeout] = [60]
2016-05-18 10:00:02 [DEBUG] [] Config [log_level] = [4]
2016-05-18 10:00:02 [DEBUG] [] Config [verify_cert] = [1]
2016-05-18 10:00:02 [DEBUG] [] Config [verify_host] = [1]
2016-05-18 10:00:02 [DEBUG] [] Config [report_error] = [1]
2016-05-18 10:00:02 [DEBUG] [] Config [output_UTF8] = [0]
2016-05-18 10:00:02 [DEBUG] [] Config [auto_rollback] = [1]
2016-05-18 10:00:02 [DEBUG] [] Config [log_dir] = [/home1/newwizcom/www/adm/product/dacom/lgdacom/log]
2016-05-18 10:00:02 [DEBUG] [] Config [url] = [https://xpayclient.lgdacom.net/xpay/Gateway.do]
2016-05-18 10:00:02 [DEBUG] [] Config [test_url] = [https://xpayclient.lgdacom.net:7443/xpay/Gateway.do]
2016-05-18 10:00:02 [DEBUG] [] Config [aux_url] = [http://xpayclient.lgdacom.net:7080/xpay/Gateway.do]
2016-05-18 10:00:02 [DEBUG] [] Config [tanywiz1] = [a38233b74d7a95ab34798e679bb4ce1e]
2016-05-18 10:02:27 [INFO ] [] XPayClient initialize [/home1/newwizcom/www/adm/product/dacom/lgdacom] [test]
2016-05-18 10:02:27 [DEBUG] [] Config [server_id] = [01]
2016-05-18 10:02:27 [DEBUG] [] Config [timeout] = [60]
2016-05-18 10:02:27 [DEBUG] [] Config [log_level] = [4]
2016-05-18 10:02:27 [DEBUG] [] Config [verify_cert] = [1]
2016-05-18 10:02:27 [DEBUG] [] Config [verify_host] = [1]
2016-05-18 10:02:27 [DEBUG] [] Config [report_error] = [1]
2016-05-18 10:02:27 [DEBUG] [] Config [output_UTF8] = [0]
2016-05-18 10:02:27 [DEBUG] [] Config [auto_rollback] = [1]
2016-05-18 10:02:27 [DEBUG] [] Config [log_dir] = [/home1/newwizcom/www/adm/product/dacom/lgdacom/log]
2016-05-18 10:02:27 [DEBUG] [] Config [url] = [https://xpayclient.lgdacom.net/xpay/Gateway.do]
2016-05-18 10:02:27 [DEBUG] [] Config [test_url] = [https://xpayclient.lgdacom.net:7443/xpay/Gateway.do]
2016-05-18 10:02:27 [DEBUG] [] Config [aux_url] = [http://xpayclient.lgdacom.net:7080/xpay/Gateway.do]
2016-05-18 10:02:27 [DEBUG] [] Config [tanywiz1] = [a38233b74d7a95ab34798e679bb4ce1e]
2016-05-18 10:02:27 [DEBUG] [tanywiz1-0120160518100227c0ba63dd356758669692b2ead7c30d7e89e3b54b] Post [LGD_TXID] = [tanywiz1-0120160518100227c0ba63dd356758669692b2ead7c30d7e89e3b54b]
2016-05-18 10:02:27 [DEBUG] [tanywiz1-0120160518100227c0ba63dd356758669692b2ead7c30d7e89e3b54b] Post [LGD_AUTHCODE] = [69c99e5254ac7e27ef147b49d233116eb32d4e97]
2016-05-18 10:02:27 [DEBUG] [tanywiz1-0120160518100227c0ba63dd356758669692b2ead7c30d7e89e3b54b] Post [LGD_MID] = [tanywiz1]
2016-05-18 10:02:27 [DEBUG] [tanywiz1-0120160518100227c0ba63dd356758669692b2ead7c30d7e89e3b54b] Post [LGD_TXNAME] = [PaymentByKey]
2016-05-18 10:02:27 [DEBUG] [tanywiz1-0120160518100227c0ba63dd356758669692b2ead7c30d7e89e3b54b] Post [LGD_PAYKEY] = [2016051810022675DB6486ECC088BB803EA1703444C76F20A19FE9]
2016-05-18 10:02:27 [DEBUG] [tanywiz1-0120160518100227c0ba63dd356758669692b2ead7c30d7e89e3b54b] post_string = LGD_TXID=tanywiz1-0120160518100227c0ba63dd356758669692b2ead7c30d7e89e3b54b&LGD_AUTHCODE=69c99e5254ac7e27ef147b49d233116eb32d4e97&LGD_MID=tanywiz1&LGD_TXNAME=PaymentByKey&LGD_PAYKEY=2016051810022675DB6486ECC088BB803EA1703444C76F20A19FE9
2016-05-18 10:02:31 [DEBUG] [tanywiz1-0120160518100227c0ba63dd356758669692b2ead7c30d7e89e3b54b] Result = [









{"LGD_RESPCODE":"0000","LGD_RESPMSG":"06: ","LGD_RESPONSE":[{"LGD_IFOS":"376ICC","LGD_MID":"tanywiz1","LGD_FINANCENAME":"Íµ≠ÎØº","LGD_DELIVERYINFO":"","LGD_BUYER":"ÌÖåÏä§Ìä∏","LGD_BUYERID":"","LGD_OID":"160518100002138","LGD_RECEIVERPHONE":"","LGD_2TR_FLAG":"Y","LGD_DEVICE":"","LGD_TID":"tanyw2016051810022721168","LGD_TIMESTAMP":"20160518100230","LGD_SAOWNER":"Ïï†ÎãàÏúÑÏ¶à","LGD_FINANCECODE":"06","LGD_BUYERPHONE":"01033857530","LGD_ESCROWYN":"Y","LGD_PAYTYPE":"SC0040","LGD_CASFLAG":"R","LGD_CASCAMOUNT":"0","LGD_CASTAMOUNT":"0","LGD_AMOUNT":"90000","LGD_BUYERSSN":".","LGD_RESPMSG":"06: ","LGD_PAYDATE":"20160518100229","LGD_PRODUCTINFO":"ÏÉÅÌíàÎ™Ö Ïô∏2Í∞ú","LGD_CASSEQNO":"000","LGD_PRODUCTCODE":"","LGD_HASHDATA":"362ef39334ce8694b408060658db6260","LGD_BUYERADDRESS":"","LGD_RECEIVER":"","LGD_RESPCODE":"0000","LGD_ACCOUNTNUM":"X7989011285039","LGD_PAYER":"ÍπÄÎØºÏàò","LGD_BUYEREMAIL":"vg2001@naver.com"}]}
]
2016-05-18 10:02:31 [INFO ] [tanywiz1-0120160518100227c0ba63dd356758669692b2ead7c30d7e89e3b54b] Response Code=[0000], Msg=[06: ], Count=1
2016-05-18 10:02:31 [DEBUG] [tanywiz1-0120160518100227c0ba63dd356758669692b2ead7c30d7e89e3b54b] Response (LGD_IFOS, 0) = 376ICC
2016-05-18 10:02:31 [DEBUG] [tanywiz1-0120160518100227c0ba63dd356758669692b2ead7c30d7e89e3b54b] Response (LGD_MID, 0) = tanywiz1
2016-05-18 10:02:31 [DEBUG] [tanywiz1-0120160518100227c0ba63dd356758669692b2ead7c30d7e89e3b54b] Response (LGD_FINANCENAME, 0) = ±ππŒ
2016-05-18 10:02:31 [DEBUG] [tanywiz1-0120160518100227c0ba63dd356758669692b2ead7c30d7e89e3b54b] Response (LGD_DELIVERYINFO, 0) = 
2016-05-18 10:02:31 [DEBUG] [tanywiz1-0120160518100227c0ba63dd356758669692b2ead7c30d7e89e3b54b] Response (LGD_BUYER, 0) = ≈◊Ω∫∆Æ
2016-05-18 10:02:31 [DEBUG] [tanywiz1-0120160518100227c0ba63dd356758669692b2ead7c30d7e89e3b54b] Response (LGD_BUYERID, 0) = 
2016-05-18 10:02:31 [DEBUG] [tanywiz1-0120160518100227c0ba63dd356758669692b2ead7c30d7e89e3b54b] Response (LGD_OID, 0) = 160518100002138
2016-05-18 10:02:31 [DEBUG] [tanywiz1-0120160518100227c0ba63dd356758669692b2ead7c30d7e89e3b54b] Response (LGD_RECEIVERPHONE, 0) = 
2016-05-18 10:02:31 [DEBUG] [tanywiz1-0120160518100227c0ba63dd356758669692b2ead7c30d7e89e3b54b] Response (LGD_2TR_FLAG, 0) = Y
2016-05-18 10:02:31 [DEBUG] [tanywiz1-0120160518100227c0ba63dd356758669692b2ead7c30d7e89e3b54b] Response (LGD_DEVICE, 0) = 
2016-05-18 10:02:31 [DEBUG] [tanywiz1-0120160518100227c0ba63dd356758669692b2ead7c30d7e89e3b54b] Response (LGD_TID, 0) = tanyw2016051810022721168
2016-05-18 10:02:31 [DEBUG] [tanywiz1-0120160518100227c0ba63dd356758669692b2ead7c30d7e89e3b54b] Response (LGD_TIMESTAMP, 0) = 20160518100230
2016-05-18 10:02:31 [DEBUG] [tanywiz1-0120160518100227c0ba63dd356758669692b2ead7c30d7e89e3b54b] Response (LGD_SAOWNER, 0) = æ÷¥œ¿ß¡Ó
2016-05-18 10:02:31 [DEBUG] [tanywiz1-0120160518100227c0ba63dd356758669692b2ead7c30d7e89e3b54b] Response (LGD_FINANCECODE, 0) = 06
2016-05-18 10:02:31 [DEBUG] [tanywiz1-0120160518100227c0ba63dd356758669692b2ead7c30d7e89e3b54b] Response (LGD_BUYERPHONE, 0) = 01033857530
2016-05-18 10:02:31 [DEBUG] [tanywiz1-0120160518100227c0ba63dd356758669692b2ead7c30d7e89e3b54b] Response (LGD_ESCROWYN, 0) = Y
2016-05-18 10:02:31 [DEBUG] [tanywiz1-0120160518100227c0ba63dd356758669692b2ead7c30d7e89e3b54b] Response (LGD_PAYTYPE, 0) = SC0040
2016-05-18 10:02:31 [DEBUG] [tanywiz1-0120160518100227c0ba63dd356758669692b2ead7c30d7e89e3b54b] Response (LGD_CASFLAG, 0) = R
2016-05-18 10:02:31 [DEBUG] [tanywiz1-0120160518100227c0ba63dd356758669692b2ead7c30d7e89e3b54b] Response (LGD_CASCAMOUNT, 0) = 0
2016-05-18 10:02:31 [DEBUG] [tanywiz1-0120160518100227c0ba63dd356758669692b2ead7c30d7e89e3b54b] Response (LGD_CASTAMOUNT, 0) = 0
2016-05-18 10:02:31 [DEBUG] [tanywiz1-0120160518100227c0ba63dd356758669692b2ead7c30d7e89e3b54b] Response (LGD_AMOUNT, 0) = 90000
2016-05-18 10:02:31 [DEBUG] [tanywiz1-0120160518100227c0ba63dd356758669692b2ead7c30d7e89e3b54b] Response (LGD_BUYERSSN, 0) = .
2016-05-18 10:02:31 [DEBUG] [tanywiz1-0120160518100227c0ba63dd356758669692b2ead7c30d7e89e3b54b] Response (LGD_RESPMSG, 0) = 06: 
2016-05-18 10:02:31 [DEBUG] [tanywiz1-0120160518100227c0ba63dd356758669692b2ead7c30d7e89e3b54b] Response (LGD_PAYDATE, 0) = 20160518100229
2016-05-18 10:02:31 [DEBUG] [tanywiz1-0120160518100227c0ba63dd356758669692b2ead7c30d7e89e3b54b] Response (LGD_PRODUCTINFO, 0) = ªÛ«∞∏Ì ø‹2∞≥
2016-05-18 10:02:31 [DEBUG] [tanywiz1-0120160518100227c0ba63dd356758669692b2ead7c30d7e89e3b54b] Response (LGD_CASSEQNO, 0) = 000
2016-05-18 10:02:31 [DEBUG] [tanywiz1-0120160518100227c0ba63dd356758669692b2ead7c30d7e89e3b54b] Response (LGD_PRODUCTCODE, 0) = 
2016-05-18 10:02:31 [DEBUG] [tanywiz1-0120160518100227c0ba63dd356758669692b2ead7c30d7e89e3b54b] Response (LGD_HASHDATA, 0) = 362ef39334ce8694b408060658db6260
2016-05-18 10:02:31 [DEBUG] [tanywiz1-0120160518100227c0ba63dd356758669692b2ead7c30d7e89e3b54b] Response (LGD_BUYERADDRESS, 0) = 
2016-05-18 10:02:31 [DEBUG] [tanywiz1-0120160518100227c0ba63dd356758669692b2ead7c30d7e89e3b54b] Response (LGD_RECEIVER, 0) = 
2016-05-18 10:02:31 [DEBUG] [tanywiz1-0120160518100227c0ba63dd356758669692b2ead7c30d7e89e3b54b] Response (LGD_RESPCODE, 0) = 0000
2016-05-18 10:02:31 [DEBUG] [tanywiz1-0120160518100227c0ba63dd356758669692b2ead7c30d7e89e3b54b] Response (LGD_ACCOUNTNUM, 0) = X7989011285039
2016-05-18 10:02:31 [DEBUG] [tanywiz1-0120160518100227c0ba63dd356758669692b2ead7c30d7e89e3b54b] Response (LGD_PAYER, 0) = ±ËπŒºˆ
2016-05-18 10:02:31 [DEBUG] [tanywiz1-0120160518100227c0ba63dd356758669692b2ead7c30d7e89e3b54b] Response (LGD_BUYEREMAIL, 0) = vg2001@naver.com
2016-05-18 10:05:50 [INFO ] [] XPayClient initialize [/home1/newwizcom/www/adm/product/dacom/lgdacom] []
2016-05-18 10:05:50 [DEBUG] [] Config [server_id] = [01]
2016-05-18 10:05:50 [DEBUG] [] Config [timeout] = [60]
2016-05-18 10:05:50 [DEBUG] [] Config [log_level] = [4]
2016-05-18 10:05:50 [DEBUG] [] Config [verify_cert] = [1]
2016-05-18 10:05:50 [DEBUG] [] Config [verify_host] = [1]
2016-05-18 10:05:50 [DEBUG] [] Config [report_error] = [1]
2016-05-18 10:05:50 [DEBUG] [] Config [output_UTF8] = [0]
2016-05-18 10:05:50 [DEBUG] [] Config [auto_rollback] = [1]
2016-05-18 10:05:50 [DEBUG] [] Config [log_dir] = [/home1/newwizcom/www/adm/product/dacom/lgdacom/log]
2016-05-18 10:05:50 [DEBUG] [] Config [url] = [https://xpayclient.lgdacom.net/xpay/Gateway.do]
2016-05-18 10:05:50 [DEBUG] [] Config [test_url] = [https://xpayclient.lgdacom.net:7443/xpay/Gateway.do]
2016-05-18 10:05:50 [DEBUG] [] Config [aux_url] = [http://xpayclient.lgdacom.net:7080/xpay/Gateway.do]
2016-05-18 10:05:50 [DEBUG] [] Config [tanywiz1] = [a38233b74d7a95ab34798e679bb4ce1e]
2016-05-18 10:06:16 [INFO ] [] XPayClient initialize [/home1/newwizcom/www/adm/product/dacom/lgdacom] [test]
2016-05-18 10:06:16 [DEBUG] [] Config [server_id] = [01]
2016-05-18 10:06:16 [DEBUG] [] Config [timeout] = [60]
2016-05-18 10:06:16 [DEBUG] [] Config [log_level] = [4]
2016-05-18 10:06:16 [DEBUG] [] Config [verify_cert] = [1]
2016-05-18 10:06:16 [DEBUG] [] Config [verify_host] = [1]
2016-05-18 10:06:16 [DEBUG] [] Config [report_error] = [1]
2016-05-18 10:06:16 [DEBUG] [] Config [output_UTF8] = [0]
2016-05-18 10:06:16 [DEBUG] [] Config [auto_rollback] = [1]
2016-05-18 10:06:16 [DEBUG] [] Config [log_dir] = [/home1/newwizcom/www/adm/product/dacom/lgdacom/log]
2016-05-18 10:06:16 [DEBUG] [] Config [url] = [https://xpayclient.lgdacom.net/xpay/Gateway.do]
2016-05-18 10:06:16 [DEBUG] [] Config [test_url] = [https://xpayclient.lgdacom.net:7443/xpay/Gateway.do]
2016-05-18 10:06:16 [DEBUG] [] Config [aux_url] = [http://xpayclient.lgdacom.net:7080/xpay/Gateway.do]
2016-05-18 10:06:16 [DEBUG] [] Config [tanywiz1] = [a38233b74d7a95ab34798e679bb4ce1e]
2016-05-18 10:06:16 [DEBUG] [tanywiz1-0120160518100616d33cd64ec659ef02e0abef0e828847eae529c83d] Post [LGD_TXID] = [tanywiz1-0120160518100616d33cd64ec659ef02e0abef0e828847eae529c83d]
2016-05-18 10:06:16 [DEBUG] [tanywiz1-0120160518100616d33cd64ec659ef02e0abef0e828847eae529c83d] Post [LGD_AUTHCODE] = [512a2aefdf6da78fffbbe4add0c8f26cca72cf81]
2016-05-18 10:06:16 [DEBUG] [tanywiz1-0120160518100616d33cd64ec659ef02e0abef0e828847eae529c83d] Post [LGD_MID] = [tanywiz1]
2016-05-18 10:06:16 [DEBUG] [tanywiz1-0120160518100616d33cd64ec659ef02e0abef0e828847eae529c83d] Post [LGD_TXNAME] = [PaymentByKey]
2016-05-18 10:06:16 [DEBUG] [tanywiz1-0120160518100616d33cd64ec659ef02e0abef0e828847eae529c83d] Post [LGD_PAYKEY] = [201605181006155A9FABCFAC9F33F32027C5C7F5BAD2B9194392AD]
2016-05-18 10:06:16 [DEBUG] [tanywiz1-0120160518100616d33cd64ec659ef02e0abef0e828847eae529c83d] post_string = LGD_TXID=tanywiz1-0120160518100616d33cd64ec659ef02e0abef0e828847eae529c83d&LGD_AUTHCODE=512a2aefdf6da78fffbbe4add0c8f26cca72cf81&LGD_MID=tanywiz1&LGD_TXNAME=PaymentByKey&LGD_PAYKEY=201605181006155A9FABCFAC9F33F32027C5C7F5BAD2B9194392AD
2016-05-18 10:06:20 [DEBUG] [tanywiz1-0120160518100616d33cd64ec659ef02e0abef0e828847eae529c83d] Result = [









{"LGD_RESPCODE":"0000","LGD_RESPMSG":"06: ","LGD_RESPONSE":[{"LGD_IFOS":"376ICC","LGD_MID":"tanywiz1","LGD_FINANCENAME":"Íµ≠ÎØº","LGD_DELIVERYINFO":"","LGD_BUYER":"ÌÖåÏä§Ìä∏","LGD_BUYERID":"","LGD_OID":"160518100550519","LGD_RECEIVERPHONE":"","LGD_2TR_FLAG":"Y","LGD_DEVICE":"","LGD_TID":"tanyw2016051810061521187","LGD_TIMESTAMP":"20160518100618","LGD_SAOWNER":"Ïï†ÎãàÏúÑÏ¶à","LGD_FINANCECODE":"06","LGD_BUYERPHONE":"01033857530","LGD_ESCROWYN":"Y","LGD_PAYTYPE":"SC0040","LGD_CASFLAG":"R","LGD_CASCAMOUNT":"0","LGD_CASTAMOUNT":"0","LGD_AMOUNT":"60000","LGD_BUYERSSN":".","LGD_RESPMSG":"06: ","LGD_PAYDATE":"20160518100618","LGD_PRODUCTINFO":"ÏÉÅÌíàÎ™Ö","LGD_CASSEQNO":"000","LGD_PRODUCTCODE":"","LGD_HASHDATA":"2cb3431d4668aeef579366085f32d72b","LGD_BUYERADDRESS":"","LGD_RECEIVER":"","LGD_RESPCODE":"0000","LGD_ACCOUNTNUM":"X7989011285691","LGD_PAYER":"ÍπÄÎØºÏàò","LGD_BUYEREMAIL":"vg2001@naver.com"}]}
]
2016-05-18 10:06:20 [INFO ] [tanywiz1-0120160518100616d33cd64ec659ef02e0abef0e828847eae529c83d] Response Code=[0000], Msg=[06: ], Count=1
2016-05-18 10:06:20 [DEBUG] [tanywiz1-0120160518100616d33cd64ec659ef02e0abef0e828847eae529c83d] Response (LGD_IFOS, 0) = 376ICC
2016-05-18 10:06:20 [DEBUG] [tanywiz1-0120160518100616d33cd64ec659ef02e0abef0e828847eae529c83d] Response (LGD_MID, 0) = tanywiz1
2016-05-18 10:06:20 [DEBUG] [tanywiz1-0120160518100616d33cd64ec659ef02e0abef0e828847eae529c83d] Response (LGD_FINANCENAME, 0) = ±ππŒ
2016-05-18 10:06:20 [DEBUG] [tanywiz1-0120160518100616d33cd64ec659ef02e0abef0e828847eae529c83d] Response (LGD_DELIVERYINFO, 0) = 
2016-05-18 10:06:20 [DEBUG] [tanywiz1-0120160518100616d33cd64ec659ef02e0abef0e828847eae529c83d] Response (LGD_BUYER, 0) = ≈◊Ω∫∆Æ
2016-05-18 10:06:20 [DEBUG] [tanywiz1-0120160518100616d33cd64ec659ef02e0abef0e828847eae529c83d] Response (LGD_BUYERID, 0) = 
2016-05-18 10:06:20 [DEBUG] [tanywiz1-0120160518100616d33cd64ec659ef02e0abef0e828847eae529c83d] Response (LGD_OID, 0) = 160518100550519
2016-05-18 10:06:20 [DEBUG] [tanywiz1-0120160518100616d33cd64ec659ef02e0abef0e828847eae529c83d] Response (LGD_RECEIVERPHONE, 0) = 
2016-05-18 10:06:20 [DEBUG] [tanywiz1-0120160518100616d33cd64ec659ef02e0abef0e828847eae529c83d] Response (LGD_2TR_FLAG, 0) = Y
2016-05-18 10:06:20 [DEBUG] [tanywiz1-0120160518100616d33cd64ec659ef02e0abef0e828847eae529c83d] Response (LGD_DEVICE, 0) = 
2016-05-18 10:06:20 [DEBUG] [tanywiz1-0120160518100616d33cd64ec659ef02e0abef0e828847eae529c83d] Response (LGD_TID, 0) = tanyw2016051810061521187
2016-05-18 10:06:20 [DEBUG] [tanywiz1-0120160518100616d33cd64ec659ef02e0abef0e828847eae529c83d] Response (LGD_TIMESTAMP, 0) = 20160518100618
2016-05-18 10:06:20 [DEBUG] [tanywiz1-0120160518100616d33cd64ec659ef02e0abef0e828847eae529c83d] Response (LGD_SAOWNER, 0) = æ÷¥œ¿ß¡Ó
2016-05-18 10:06:20 [DEBUG] [tanywiz1-0120160518100616d33cd64ec659ef02e0abef0e828847eae529c83d] Response (LGD_FINANCECODE, 0) = 06
2016-05-18 10:06:20 [DEBUG] [tanywiz1-0120160518100616d33cd64ec659ef02e0abef0e828847eae529c83d] Response (LGD_BUYERPHONE, 0) = 01033857530
2016-05-18 10:06:20 [DEBUG] [tanywiz1-0120160518100616d33cd64ec659ef02e0abef0e828847eae529c83d] Response (LGD_ESCROWYN, 0) = Y
2016-05-18 10:06:20 [DEBUG] [tanywiz1-0120160518100616d33cd64ec659ef02e0abef0e828847eae529c83d] Response (LGD_PAYTYPE, 0) = SC0040
2016-05-18 10:06:20 [DEBUG] [tanywiz1-0120160518100616d33cd64ec659ef02e0abef0e828847eae529c83d] Response (LGD_CASFLAG, 0) = R
2016-05-18 10:06:20 [DEBUG] [tanywiz1-0120160518100616d33cd64ec659ef02e0abef0e828847eae529c83d] Response (LGD_CASCAMOUNT, 0) = 0
2016-05-18 10:06:20 [DEBUG] [tanywiz1-0120160518100616d33cd64ec659ef02e0abef0e828847eae529c83d] Response (LGD_CASTAMOUNT, 0) = 0
2016-05-18 10:06:20 [DEBUG] [tanywiz1-0120160518100616d33cd64ec659ef02e0abef0e828847eae529c83d] Response (LGD_AMOUNT, 0) = 60000
2016-05-18 10:06:20 [DEBUG] [tanywiz1-0120160518100616d33cd64ec659ef02e0abef0e828847eae529c83d] Response (LGD_BUYERSSN, 0) = .
2016-05-18 10:06:20 [DEBUG] [tanywiz1-0120160518100616d33cd64ec659ef02e0abef0e828847eae529c83d] Response (LGD_RESPMSG, 0) = 06: 
2016-05-18 10:06:20 [DEBUG] [tanywiz1-0120160518100616d33cd64ec659ef02e0abef0e828847eae529c83d] Response (LGD_PAYDATE, 0) = 20160518100618
2016-05-18 10:06:20 [DEBUG] [tanywiz1-0120160518100616d33cd64ec659ef02e0abef0e828847eae529c83d] Response (LGD_PRODUCTINFO, 0) = ªÛ«∞∏Ì
2016-05-18 10:06:20 [DEBUG] [tanywiz1-0120160518100616d33cd64ec659ef02e0abef0e828847eae529c83d] Response (LGD_CASSEQNO, 0) = 000
2016-05-18 10:06:20 [DEBUG] [tanywiz1-0120160518100616d33cd64ec659ef02e0abef0e828847eae529c83d] Response (LGD_PRODUCTCODE, 0) = 
2016-05-18 10:06:20 [DEBUG] [tanywiz1-0120160518100616d33cd64ec659ef02e0abef0e828847eae529c83d] Response (LGD_HASHDATA, 0) = 2cb3431d4668aeef579366085f32d72b
2016-05-18 10:06:20 [DEBUG] [tanywiz1-0120160518100616d33cd64ec659ef02e0abef0e828847eae529c83d] Response (LGD_BUYERADDRESS, 0) = 
2016-05-18 10:06:20 [DEBUG] [tanywiz1-0120160518100616d33cd64ec659ef02e0abef0e828847eae529c83d] Response (LGD_RECEIVER, 0) = 
2016-05-18 10:06:20 [DEBUG] [tanywiz1-0120160518100616d33cd64ec659ef02e0abef0e828847eae529c83d] Response (LGD_RESPCODE, 0) = 0000
2016-05-18 10:06:20 [DEBUG] [tanywiz1-0120160518100616d33cd64ec659ef02e0abef0e828847eae529c83d] Response (LGD_ACCOUNTNUM, 0) = X7989011285691
2016-05-18 10:06:20 [DEBUG] [tanywiz1-0120160518100616d33cd64ec659ef02e0abef0e828847eae529c83d] Response (LGD_PAYER, 0) = ±ËπŒºˆ
2016-05-18 10:06:20 [DEBUG] [tanywiz1-0120160518100616d33cd64ec659ef02e0abef0e828847eae529c83d] Response (LGD_BUYEREMAIL, 0) = vg2001@naver.com
2016-05-18 10:43:00 [INFO ] [] XPayClient initialize [/home1/newwizcom/www/adm/product/dacom/lgdacom] []
2016-05-18 10:43:00 [DEBUG] [] Config [server_id] = [01]
2016-05-18 10:43:00 [DEBUG] [] Config [timeout] = [60]
2016-05-18 10:43:00 [DEBUG] [] Config [log_level] = [4]
2016-05-18 10:43:00 [DEBUG] [] Config [verify_cert] = [1]
2016-05-18 10:43:00 [DEBUG] [] Config [verify_host] = [1]
2016-05-18 10:43:00 [DEBUG] [] Config [report_error] = [1]
2016-05-18 10:43:00 [DEBUG] [] Config [output_UTF8] = [0]
2016-05-18 10:43:00 [DEBUG] [] Config [auto_rollback] = [1]
2016-05-18 10:43:00 [DEBUG] [] Config [log_dir] = [/home1/newwizcom/www/adm/product/dacom/lgdacom/log]
2016-05-18 10:43:00 [DEBUG] [] Config [url] = [https://xpayclient.lgdacom.net/xpay/Gateway.do]
2016-05-18 10:43:00 [DEBUG] [] Config [test_url] = [https://xpayclient.lgdacom.net:7443/xpay/Gateway.do]
2016-05-18 10:43:00 [DEBUG] [] Config [aux_url] = [http://xpayclient.lgdacom.net:7080/xpay/Gateway.do]
2016-05-18 10:43:00 [DEBUG] [] Config [tanywiz1] = [a38233b74d7a95ab34798e679bb4ce1e]
2016-05-18 10:46:07 [INFO ] [] XPayClient initialize [/home1/newwizcom/www/adm/product/dacom/lgdacom] []
2016-05-18 10:46:07 [DEBUG] [] Config [server_id] = [01]
2016-05-18 10:46:07 [DEBUG] [] Config [timeout] = [60]
2016-05-18 10:46:07 [DEBUG] [] Config [log_level] = [4]
2016-05-18 10:46:07 [DEBUG] [] Config [verify_cert] = [1]
2016-05-18 10:46:07 [DEBUG] [] Config [verify_host] = [1]
2016-05-18 10:46:07 [DEBUG] [] Config [report_error] = [1]
2016-05-18 10:46:07 [DEBUG] [] Config [output_UTF8] = [0]
2016-05-18 10:46:07 [DEBUG] [] Config [auto_rollback] = [1]
2016-05-18 10:46:07 [DEBUG] [] Config [log_dir] = [/home1/newwizcom/www/adm/product/dacom/lgdacom/log]
2016-05-18 10:46:07 [DEBUG] [] Config [url] = [https://xpayclient.lgdacom.net/xpay/Gateway.do]
2016-05-18 10:46:07 [DEBUG] [] Config [test_url] = [https://xpayclient.lgdacom.net:7443/xpay/Gateway.do]
2016-05-18 10:46:07 [DEBUG] [] Config [aux_url] = [http://xpayclient.lgdacom.net:7080/xpay/Gateway.do]
2016-05-18 10:46:07 [DEBUG] [] Config [tanywiz1] = [a38233b74d7a95ab34798e679bb4ce1e]
2016-05-18 10:46:39 [INFO ] [] XPayClient initialize [/home1/newwizcom/www/adm/product/dacom/lgdacom] []
2016-05-18 10:46:39 [DEBUG] [] Config [server_id] = [01]
2016-05-18 10:46:39 [DEBUG] [] Config [timeout] = [60]
2016-05-18 10:46:39 [DEBUG] [] Config [log_level] = [4]
2016-05-18 10:46:39 [DEBUG] [] Config [verify_cert] = [1]
2016-05-18 10:46:39 [DEBUG] [] Config [verify_host] = [1]
2016-05-18 10:46:39 [DEBUG] [] Config [report_error] = [1]
2016-05-18 10:46:39 [DEBUG] [] Config [output_UTF8] = [0]
2016-05-18 10:46:39 [DEBUG] [] Config [auto_rollback] = [1]
2016-05-18 10:46:39 [DEBUG] [] Config [log_dir] = [/home1/newwizcom/www/adm/product/dacom/lgdacom/log]
2016-05-18 10:46:39 [DEBUG] [] Config [url] = [https://xpayclient.lgdacom.net/xpay/Gateway.do]
2016-05-18 10:46:39 [DEBUG] [] Config [test_url] = [https://xpayclient.lgdacom.net:7443/xpay/Gateway.do]
2016-05-18 10:46:39 [DEBUG] [] Config [aux_url] = [http://xpayclient.lgdacom.net:7080/xpay/Gateway.do]
2016-05-18 10:46:39 [DEBUG] [] Config [tanywiz1] = [a38233b74d7a95ab34798e679bb4ce1e]
2016-05-18 10:47:19 [INFO ] [] XPayClient initialize [/home1/newwizcom/www/adm/product/dacom/lgdacom] [test]
2016-05-18 10:47:19 [DEBUG] [] Config [server_id] = [01]
2016-05-18 10:47:19 [DEBUG] [] Config [timeout] = [60]
2016-05-18 10:47:19 [DEBUG] [] Config [log_level] = [4]
2016-05-18 10:47:19 [DEBUG] [] Config [verify_cert] = [1]
2016-05-18 10:47:19 [DEBUG] [] Config [verify_host] = [1]
2016-05-18 10:47:19 [DEBUG] [] Config [report_error] = [1]
2016-05-18 10:47:19 [DEBUG] [] Config [output_UTF8] = [0]
2016-05-18 10:47:19 [DEBUG] [] Config [auto_rollback] = [1]
2016-05-18 10:47:19 [DEBUG] [] Config [log_dir] = [/home1/newwizcom/www/adm/product/dacom/lgdacom/log]
2016-05-18 10:47:19 [DEBUG] [] Config [url] = [https://xpayclient.lgdacom.net/xpay/Gateway.do]
2016-05-18 10:47:19 [DEBUG] [] Config [test_url] = [https://xpayclient.lgdacom.net:7443/xpay/Gateway.do]
2016-05-18 10:47:19 [DEBUG] [] Config [aux_url] = [http://xpayclient.lgdacom.net:7080/xpay/Gateway.do]
2016-05-18 10:47:19 [DEBUG] [] Config [tanywiz1] = [a38233b74d7a95ab34798e679bb4ce1e]
2016-05-18 10:47:19 [DEBUG] [tanywiz1-0120160518104719c255ad857fca53ad665c3340ebaa163b439c38e8] Post [LGD_TXID] = [tanywiz1-0120160518104719c255ad857fca53ad665c3340ebaa163b439c38e8]
2016-05-18 10:47:19 [DEBUG] [tanywiz1-0120160518104719c255ad857fca53ad665c3340ebaa163b439c38e8] Post [LGD_AUTHCODE] = [254982d555dc8c2b29e3a4b6ee93f98dfd089e7d]
2016-05-18 10:47:19 [DEBUG] [tanywiz1-0120160518104719c255ad857fca53ad665c3340ebaa163b439c38e8] Post [LGD_MID] = [tanywiz1]
2016-05-18 10:47:19 [DEBUG] [tanywiz1-0120160518104719c255ad857fca53ad665c3340ebaa163b439c38e8] Post [LGD_TXNAME] = [PaymentByKey]
2016-05-18 10:47:19 [DEBUG] [tanywiz1-0120160518104719c255ad857fca53ad665c3340ebaa163b439c38e8] Post [LGD_PAYKEY] = [2016051810471790E1E34140317E6D1CBE736623F19988E2189F7D]
2016-05-18 10:47:19 [DEBUG] [tanywiz1-0120160518104719c255ad857fca53ad665c3340ebaa163b439c38e8] post_string = LGD_TXID=tanywiz1-0120160518104719c255ad857fca53ad665c3340ebaa163b439c38e8&LGD_AUTHCODE=254982d555dc8c2b29e3a4b6ee93f98dfd089e7d&LGD_MID=tanywiz1&LGD_TXNAME=PaymentByKey&LGD_PAYKEY=2016051810471790E1E34140317E6D1CBE736623F19988E2189F7D
2016-05-18 10:47:27 [DEBUG] [tanywiz1-0120160518104719c255ad857fca53ad665c3340ebaa163b439c38e8] Result = [









{"LGD_RESPCODE":"0000","LGD_RESPMSG":"06: ","LGD_RESPONSE":[{"LGD_IFOS":"376ICC","LGD_MID":"tanywiz1","LGD_FINANCENAME":"Íµ≠ÎØº","LGD_DELIVERYINFO":"","LGD_BUYER":"ÌÖåÏä§Ìä∏","LGD_BUYERID":"","LGD_OID":"160518104639292","LGD_RECEIVERPHONE":"","LGD_2TR_FLAG":"Y","LGD_DEVICE":"","LGD_TID":"tanyw2016051810471821549","LGD_TIMESTAMP":"20160518104726","LGD_SAOWNER":"Ïï†ÎãàÏúÑÏ¶à","LGD_FINANCECODE":"06","LGD_BUYERPHONE":"01033857530","LGD_ESCROWYN":"Y","LGD_PAYTYPE":"SC0040","LGD_CASFLAG":"R","LGD_CASCAMOUNT":"0","LGD_CASTAMOUNT":"0","LGD_AMOUNT":"75000","LGD_BUYERSSN":".","LGD_RESPMSG":"06: ","LGD_PAYDATE":"20160518104725","LGD_PRODUCTINFO":"ÏÉÅÌíàÎ™Ö","LGD_CASSEQNO":"000","LGD_PRODUCTCODE":"","LGD_HASHDATA":"8090de76dd14cb45f8d62b8cc8d7cbdd","LGD_BUYERADDRESS":"","LGD_RECEIVER":"","LGD_RESPCODE":"0000","LGD_ACCOUNTNUM":"X7989011286205","LGD_PAYER":"ÍπÄÎØºÏàò","LGD_BUYEREMAIL":"vg2001@naver.com"}]}
]
2016-05-18 10:47:27 [INFO ] [tanywiz1-0120160518104719c255ad857fca53ad665c3340ebaa163b439c38e8] Response Code=[0000], Msg=[06: ], Count=1
2016-05-18 10:47:27 [DEBUG] [tanywiz1-0120160518104719c255ad857fca53ad665c3340ebaa163b439c38e8] Response (LGD_IFOS, 0) = 376ICC
2016-05-18 10:47:27 [DEBUG] [tanywiz1-0120160518104719c255ad857fca53ad665c3340ebaa163b439c38e8] Response (LGD_MID, 0) = tanywiz1
2016-05-18 10:47:27 [DEBUG] [tanywiz1-0120160518104719c255ad857fca53ad665c3340ebaa163b439c38e8] Response (LGD_FINANCENAME, 0) = ±ππŒ
2016-05-18 10:47:27 [DEBUG] [tanywiz1-0120160518104719c255ad857fca53ad665c3340ebaa163b439c38e8] Response (LGD_DELIVERYINFO, 0) = 
2016-05-18 10:47:27 [DEBUG] [tanywiz1-0120160518104719c255ad857fca53ad665c3340ebaa163b439c38e8] Response (LGD_BUYER, 0) = ≈◊Ω∫∆Æ
2016-05-18 10:47:27 [DEBUG] [tanywiz1-0120160518104719c255ad857fca53ad665c3340ebaa163b439c38e8] Response (LGD_BUYERID, 0) = 
2016-05-18 10:47:27 [DEBUG] [tanywiz1-0120160518104719c255ad857fca53ad665c3340ebaa163b439c38e8] Response (LGD_OID, 0) = 160518104639292
2016-05-18 10:47:27 [DEBUG] [tanywiz1-0120160518104719c255ad857fca53ad665c3340ebaa163b439c38e8] Response (LGD_RECEIVERPHONE, 0) = 
2016-05-18 10:47:27 [DEBUG] [tanywiz1-0120160518104719c255ad857fca53ad665c3340ebaa163b439c38e8] Response (LGD_2TR_FLAG, 0) = Y
2016-05-18 10:47:27 [DEBUG] [tanywiz1-0120160518104719c255ad857fca53ad665c3340ebaa163b439c38e8] Response (LGD_DEVICE, 0) = 
2016-05-18 10:47:27 [DEBUG] [tanywiz1-0120160518104719c255ad857fca53ad665c3340ebaa163b439c38e8] Response (LGD_TID, 0) = tanyw2016051810471821549
2016-05-18 10:47:27 [DEBUG] [tanywiz1-0120160518104719c255ad857fca53ad665c3340ebaa163b439c38e8] Response (LGD_TIMESTAMP, 0) = 20160518104726
2016-05-18 10:47:27 [DEBUG] [tanywiz1-0120160518104719c255ad857fca53ad665c3340ebaa163b439c38e8] Response (LGD_SAOWNER, 0) = æ÷¥œ¿ß¡Ó
2016-05-18 10:47:27 [DEBUG] [tanywiz1-0120160518104719c255ad857fca53ad665c3340ebaa163b439c38e8] Response (LGD_FINANCECODE, 0) = 06
2016-05-18 10:47:27 [DEBUG] [tanywiz1-0120160518104719c255ad857fca53ad665c3340ebaa163b439c38e8] Response (LGD_BUYERPHONE, 0) = 01033857530
2016-05-18 10:47:27 [DEBUG] [tanywiz1-0120160518104719c255ad857fca53ad665c3340ebaa163b439c38e8] Response (LGD_ESCROWYN, 0) = Y
2016-05-18 10:47:27 [DEBUG] [tanywiz1-0120160518104719c255ad857fca53ad665c3340ebaa163b439c38e8] Response (LGD_PAYTYPE, 0) = SC0040
2016-05-18 10:47:27 [DEBUG] [tanywiz1-0120160518104719c255ad857fca53ad665c3340ebaa163b439c38e8] Response (LGD_CASFLAG, 0) = R
2016-05-18 10:47:27 [DEBUG] [tanywiz1-0120160518104719c255ad857fca53ad665c3340ebaa163b439c38e8] Response (LGD_CASCAMOUNT, 0) = 0
2016-05-18 10:47:27 [DEBUG] [tanywiz1-0120160518104719c255ad857fca53ad665c3340ebaa163b439c38e8] Response (LGD_CASTAMOUNT, 0) = 0
2016-05-18 10:47:27 [DEBUG] [tanywiz1-0120160518104719c255ad857fca53ad665c3340ebaa163b439c38e8] Response (LGD_AMOUNT, 0) = 75000
2016-05-18 10:47:27 [DEBUG] [tanywiz1-0120160518104719c255ad857fca53ad665c3340ebaa163b439c38e8] Response (LGD_BUYERSSN, 0) = .
2016-05-18 10:47:27 [DEBUG] [tanywiz1-0120160518104719c255ad857fca53ad665c3340ebaa163b439c38e8] Response (LGD_RESPMSG, 0) = 06: 
2016-05-18 10:47:27 [DEBUG] [tanywiz1-0120160518104719c255ad857fca53ad665c3340ebaa163b439c38e8] Response (LGD_PAYDATE, 0) = 20160518104725
2016-05-18 10:47:27 [DEBUG] [tanywiz1-0120160518104719c255ad857fca53ad665c3340ebaa163b439c38e8] Response (LGD_PRODUCTINFO, 0) = ªÛ«∞∏Ì
2016-05-18 10:47:27 [DEBUG] [tanywiz1-0120160518104719c255ad857fca53ad665c3340ebaa163b439c38e8] Response (LGD_CASSEQNO, 0) = 000
2016-05-18 10:47:27 [DEBUG] [tanywiz1-0120160518104719c255ad857fca53ad665c3340ebaa163b439c38e8] Response (LGD_PRODUCTCODE, 0) = 
2016-05-18 10:47:27 [DEBUG] [tanywiz1-0120160518104719c255ad857fca53ad665c3340ebaa163b439c38e8] Response (LGD_HASHDATA, 0) = 8090de76dd14cb45f8d62b8cc8d7cbdd
2016-05-18 10:47:27 [DEBUG] [tanywiz1-0120160518104719c255ad857fca53ad665c3340ebaa163b439c38e8] Response (LGD_BUYERADDRESS, 0) = 
2016-05-18 10:47:27 [DEBUG] [tanywiz1-0120160518104719c255ad857fca53ad665c3340ebaa163b439c38e8] Response (LGD_RECEIVER, 0) = 
2016-05-18 10:47:27 [DEBUG] [tanywiz1-0120160518104719c255ad857fca53ad665c3340ebaa163b439c38e8] Response (LGD_RESPCODE, 0) = 0000
2016-05-18 10:47:27 [DEBUG] [tanywiz1-0120160518104719c255ad857fca53ad665c3340ebaa163b439c38e8] Response (LGD_ACCOUNTNUM, 0) = X7989011286205
2016-05-18 10:47:27 [DEBUG] [tanywiz1-0120160518104719c255ad857fca53ad665c3340ebaa163b439c38e8] Response (LGD_PAYER, 0) = ±ËπŒºˆ
2016-05-18 10:47:27 [DEBUG] [tanywiz1-0120160518104719c255ad857fca53ad665c3340ebaa163b439c38e8] Response (LGD_BUYEREMAIL, 0) = vg2001@naver.com
