INFO  [2011:09:26-21:29:40:144] <00026395> START escrow (V4112B4112D070201M)
INFO  [2011:09:26-21:29:40:144] <00026395> INIPAYHOME:/home1/wizshop/www/shop/INICIS/
DEBUG [2011:09:26-21:29:40:144] <00026395> escrow type:dr
DEBUG [2011:09:26-21:29:40:144] <00026395> escrow msg:tanywiz1INIpayVBNKhanatest0120110926212640126011||||20110926|212940|한진택배|HANJINLOGI|0||||||
INFO  [2011:09:26-21:29:40:144] <00026395> CHECK FIELD OK
INFO  [2011:09:26-21:29:40:144] <00026395> SYMMETRIC ENCRYPT OK
DEBUG [2011:09:26-21:29:40:144] <00026395> SYMMETRIC ENCRYPT MSG :[svTrSka/cOAFrnuUhZbIqgYxwx7CNWPFS4hYOpx3UgNi2AJyYThGX9Khj+6rqGZS
8c/HnrfNZ899GOpjgnrUY+On2v7Sb/WelkvwOm+w0M2JBKb7KB1zuA6Xtu8ZbwoB
sg==
]
INFO  [2011:09:26-21:29:40:144] <00026395> MAKE MSG OK
DEBUG [2011:09:26-21:29:40:144] <00026395> MSG_TO_PG:[0142PG4010CsvTrSka/cOAFrnuUhZbIqgYxwx7CNWPFS4hYOpx3UgNi2AJyYThGX9Khj+6rqGZS
8c/HnrfNZ899GOpjgnrUY+On2v7Sb/WelkvwOm+w0M2JBKb7KB1zuA6Xtu8ZbwoB
sg==
]
INFO  [2011:09:26-21:29:40:148] <00026395> CONNECT PG(203.238.37.3) OK
INFO  [2011:09:26-21:29:40:148] <00026395> SEND OK
INFO  [2011:09:26-21:29:40:158] <00026395> RECV OK
INFO  [2011:09:26-21:29:40:158] <00026395> MSG_FROM_PG:[00584903|필수항목 누락(배송종류(S0/S1/S2/S3/S4/S5/S6) 값 누락)]
INFO  [2011:09:26-21:29:40:158] <00026395> CHECK SIGN OK
INFO  [2011:09:26-21:29:40:158] <00026395> PARSE OK
INFO  [2011:09:26-21:29:40:158] <00026395> END escrow 필수항목 누락(배송종류(S0/S1/S2/S3/S4/S5/S6) 값 누락)
